[0.053s] Invoking command in '/home/pi/Documents/RINS_Project/build/dis_tutorial3': CMAKE_PREFIX_PATH=/opt/ros/humble /usr/bin/cmake /home/pi/Documents/RINS_Project/dis_tutorial3 -DCMAKE_INSTALL_PREFIX=/home/pi/Documents/RINS_Project/install/dis_tutorial3
[0.134s] -- The C compiler identification is GNU 11.4.0
[0.201s] -- The CXX compiler identification is GNU 11.4.0
[0.209s] -- Detecting C compiler ABI info
[0.268s] -- Detecting C compiler ABI info - done
[0.273s] -- Check for working C compiler: /usr/bin/cc - skipped
[0.273s] -- Detecting C compile features
[0.274s] -- Detecting C compile features - done
[0.276s] -- Detecting CXX compiler ABI info
[0.341s] -- Detecting CXX compiler ABI info - done
[0.346s] -- Check for working CXX compiler: /usr/bin/c++ - skipped
[0.347s] -- Detecting CXX compile features
[0.347s] -- Detecting CXX compile features - done
[0.350s] -- Found ament_cmake: 1.3.8 (/opt/ros/humble/share/ament_cmake/cmake)
[0.461s] -- Found Python3: /usr/bin/python3 (found version "3.10.12") found components: Interpreter 
[0.538s] -- Found rclcpp: 16.0.8 (/opt/ros/humble/share/rclcpp/cmake)
[0.584s] -- Found rosidl_generator_c: 3.1.5 (/opt/ros/humble/share/rosidl_generator_c/cmake)
[0.590s] -- Found rosidl_adapter: 3.1.5 (/opt/ros/humble/share/rosidl_adapter/cmake)
[0.599s] -- Found rosidl_generator_cpp: 3.1.5 (/opt/ros/humble/share/rosidl_generator_cpp/cmake)
[0.613s] -- Using all available rosidl_typesupport_c: rosidl_typesupport_fastrtps_c;rosidl_typesupport_introspection_c
[0.631s] -- Using all available rosidl_typesupport_cpp: rosidl_typesupport_fastrtps_cpp;rosidl_typesupport_introspection_cpp
[0.694s] -- Found rmw_implementation_cmake: 6.1.1 (/opt/ros/humble/share/rmw_implementation_cmake/cmake)
[0.697s] -- Found rmw_fastrtps_cpp: 6.2.6 (/opt/ros/humble/share/rmw_fastrtps_cpp/cmake)
[0.793s] -- Found OpenSSL: /usr/lib/x86_64-linux-gnu/libcrypto.so (found version "3.0.2")  
[0.821s] -- Found FastRTPS: /opt/ros/humble/include  
[0.862s] -- Using RMW implementation 'rmw_fastrtps_cpp' as default
[0.873s] -- Looking for pthread.h
[0.936s] -- Looking for pthread.h - found
[0.936s] -- Performing Test CMAKE_HAVE_LIBC_PTHREAD
[0.995s] -- Performing Test CMAKE_HAVE_LIBC_PTHREAD - Success
[0.996s] -- Found Threads: TRUE  
[1.117s] -- Found rclpy: 3.3.12 (/opt/ros/humble/share/rclpy/cmake)
[1.118s] -- Found std_srvs: 4.2.3 (/opt/ros/humble/share/std_srvs/cmake)
[1.178s] -- Configuring done
[1.182s] -- Generating done
[1.183s] -- Build files have been written to: /home/pi/Documents/RINS_Project/build/dis_tutorial3
[1.190s] Invoked command in '/home/pi/Documents/RINS_Project/build/dis_tutorial3' returned '0': CMAKE_PREFIX_PATH=/opt/ros/humble /usr/bin/cmake /home/pi/Documents/RINS_Project/dis_tutorial3 -DCMAKE_INSTALL_PREFIX=/home/pi/Documents/RINS_Project/install/dis_tutorial3
[1.192s] Invoking command in '/home/pi/Documents/RINS_Project/build/dis_tutorial3': CMAKE_PREFIX_PATH=/opt/ros/humble /usr/bin/cmake --build /home/pi/Documents/RINS_Project/build/dis_tutorial3 -- -j16 -l16
[1.225s] Invoked command in '/home/pi/Documents/RINS_Project/build/dis_tutorial3' returned '0': CMAKE_PREFIX_PATH=/opt/ros/humble /usr/bin/cmake --build /home/pi/Documents/RINS_Project/build/dis_tutorial3 -- -j16 -l16
[1.252s] Invoking command in '/home/pi/Documents/RINS_Project/build/dis_tutorial3': CMAKE_PREFIX_PATH=/opt/ros/humble /usr/bin/cmake --install /home/pi/Documents/RINS_Project/build/dis_tutorial3
[1.258s] -- Install configuration: ""
[1.258s] -- Installing: /home/pi/Documents/RINS_Project/install/dis_tutorial3/share/dis_tutorial3//launch
[1.258s] -- Installing: /home/pi/Documents/RINS_Project/install/dis_tutorial3/share/dis_tutorial3//launch/ignition.launch.py
[1.258s] -- Installing: /home/pi/Documents/RINS_Project/install/dis_tutorial3/share/dis_tutorial3//launch/nav2.launch.py
[1.258s] -- Installing: /home/pi/Documents/RINS_Project/install/dis_tutorial3/share/dis_tutorial3//launch/sim_turtlebot_slam.launch.py
[1.258s] -- Installing: /home/pi/Documents/RINS_Project/install/dis_tutorial3/share/dis_tutorial3//launch/dis_sim.launch.py
[1.258s] -- Installing: /home/pi/Documents/RINS_Project/install/dis_tutorial3/share/dis_tutorial3//launch/sim_turtlebot_nav.launch.py
[1.258s] -- Installing: /home/pi/Documents/RINS_Project/install/dis_tutorial3/share/dis_tutorial3//launch/slam.launch.py
[1.258s] -- Installing: /home/pi/Documents/RINS_Project/install/dis_tutorial3/share/dis_tutorial3//launch/turtlebot4_spawn.launch.py
[1.259s] -- Installing: /home/pi/Documents/RINS_Project/install/dis_tutorial3/share/dis_tutorial3//launch/localization.launch.py
[1.259s] -- Installing: /home/pi/Documents/RINS_Project/install/dis_tutorial3/share/dis_tutorial3//launch/turtlebot4_spawn_nav.launch.py
[1.259s] -- Installing: /home/pi/Documents/RINS_Project/install/dis_tutorial3/share/dis_tutorial3//config
[1.259s] -- Installing: /home/pi/Documents/RINS_Project/install/dis_tutorial3/share/dis_tutorial3//config/nav2.yaml
[1.259s] -- Installing: /home/pi/Documents/RINS_Project/install/dis_tutorial3/share/dis_tutorial3//config/laser_filter_chain.yaml
[1.259s] -- Installing: /home/pi/Documents/RINS_Project/install/dis_tutorial3/share/dis_tutorial3//config/localization.yaml
[1.259s] -- Installing: /home/pi/Documents/RINS_Project/install/dis_tutorial3/share/dis_tutorial3//config/slam.yaml
[1.259s] -- Installing: /home/pi/Documents/RINS_Project/install/dis_tutorial3/share/dis_tutorial3//worlds
[1.259s] -- Installing: /home/pi/Documents/RINS_Project/install/dis_tutorial3/share/dis_tutorial3//worlds/dis.sdf
[1.259s] -- Installing: /home/pi/Documents/RINS_Project/install/dis_tutorial3/share/dis_tutorial3//worlds/meshes
[1.260s] -- Installing: /home/pi/Documents/RINS_Project/install/dis_tutorial3/share/dis_tutorial3//worlds/meshes/mona1.jpg
[1.260s] -- Installing: /home/pi/Documents/RINS_Project/install/dis_tutorial3/share/dis_tutorial3//worlds/meshes/fakering3.jpg
[1.260s] -- Installing: /home/pi/Documents/RINS_Project/install/dis_tutorial3/share/dis_tutorial3//worlds/meshes/map_colliders.dae
[1.261s] -- Installing: /home/pi/Documents/RINS_Project/install/dis_tutorial3/share/dis_tutorial3//worlds/meshes/objects.jpg
[1.261s] -- Installing: /home/pi/Documents/RINS_Project/install/dis_tutorial3/share/dis_tutorial3//worlds/meshes/person2.jpg
[1.261s] -- Installing: /home/pi/Documents/RINS_Project/install/dis_tutorial3/share/dis_tutorial3//worlds/meshes/person4.jpg
[1.261s] -- Installing: /home/pi/Documents/RINS_Project/install/dis_tutorial3/share/dis_tutorial3//worlds/meshes/parking_space.jpg
[1.261s] -- Installing: /home/pi/Documents/RINS_Project/install/dis_tutorial3/share/dis_tutorial3//worlds/meshes/person5.jpg
[1.262s] -- Installing: /home/pi/Documents/RINS_Project/install/dis_tutorial3/share/dis_tutorial3//worlds/meshes/qr2.jpg
[1.262s] -- Installing: /home/pi/Documents/RINS_Project/install/dis_tutorial3/share/dis_tutorial3//worlds/meshes/fakering2.jpg
[1.262s] -- Installing: /home/pi/Documents/RINS_Project/install/dis_tutorial3/share/dis_tutorial3//worlds/meshes/person3.jpg
[1.262s] -- Installing: /home/pi/Documents/RINS_Project/install/dis_tutorial3/share/dis_tutorial3//worlds/meshes/person1.jpg
[1.262s] -- Installing: /home/pi/Documents/RINS_Project/install/dis_tutorial3/share/dis_tutorial3//worlds/meshes/fakering1.jpg
[1.262s] -- Installing: /home/pi/Documents/RINS_Project/install/dis_tutorial3/share/dis_tutorial3//worlds/meshes/wood.jpg
[1.263s] -- Installing: /home/pi/Documents/RINS_Project/install/dis_tutorial3/share/dis_tutorial3//worlds/meshes/qr1.jpg
[1.263s] -- Installing: /home/pi/Documents/RINS_Project/install/dis_tutorial3/share/dis_tutorial3//worlds/meshes/davinci.jpg
[1.263s] -- Installing: /home/pi/Documents/RINS_Project/install/dis_tutorial3/share/dis_tutorial3//worlds/meshes/ground.jpg
[1.263s] -- Installing: /home/pi/Documents/RINS_Project/install/dis_tutorial3/share/dis_tutorial3//worlds/meshes/cylinders.jpg
[1.263s] -- Installing: /home/pi/Documents/RINS_Project/install/dis_tutorial3/share/dis_tutorial3//worlds/meshes/map.dae
[1.264s] -- Installing: /home/pi/Documents/RINS_Project/install/dis_tutorial3/share/dis_tutorial3//maps
[1.264s] -- Installing: /home/pi/Documents/RINS_Project/install/dis_tutorial3/share/dis_tutorial3//maps/map.pgm
[1.264s] -- Installing: /home/pi/Documents/RINS_Project/install/dis_tutorial3/share/dis_tutorial3//maps/map.yaml
[1.264s] -- Installing: /home/pi/Documents/RINS_Project/install/dis_tutorial3/lib/dis_tutorial3/detect_people.py
[1.264s] -- Installing: /home/pi/Documents/RINS_Project/install/dis_tutorial3/lib/dis_tutorial3/robot_commander.py
[1.265s] -- Installing: /home/pi/Documents/RINS_Project/install/dis_tutorial3/share/ament_index/resource_index/package_run_dependencies/dis_tutorial3
[1.265s] -- Installing: /home/pi/Documents/RINS_Project/install/dis_tutorial3/share/ament_index/resource_index/parent_prefix_path/dis_tutorial3
[1.265s] -- Installing: /home/pi/Documents/RINS_Project/install/dis_tutorial3/share/dis_tutorial3/environment/ament_prefix_path.sh
[1.265s] -- Installing: /home/pi/Documents/RINS_Project/install/dis_tutorial3/share/dis_tutorial3/environment/ament_prefix_path.dsv
[1.265s] -- Installing: /home/pi/Documents/RINS_Project/install/dis_tutorial3/share/dis_tutorial3/environment/path.sh
[1.265s] -- Installing: /home/pi/Documents/RINS_Project/install/dis_tutorial3/share/dis_tutorial3/environment/path.dsv
[1.266s] -- Installing: /home/pi/Documents/RINS_Project/install/dis_tutorial3/share/dis_tutorial3/local_setup.bash
[1.266s] -- Installing: /home/pi/Documents/RINS_Project/install/dis_tutorial3/share/dis_tutorial3/local_setup.sh
[1.266s] -- Installing: /home/pi/Documents/RINS_Project/install/dis_tutorial3/share/dis_tutorial3/local_setup.zsh
[1.266s] -- Installing: /home/pi/Documents/RINS_Project/install/dis_tutorial3/share/dis_tutorial3/local_setup.dsv
[1.266s] -- Installing: /home/pi/Documents/RINS_Project/install/dis_tutorial3/share/dis_tutorial3/package.dsv
[1.266s] -- Installing: /home/pi/Documents/RINS_Project/install/dis_tutorial3/share/ament_index/resource_index/packages/dis_tutorial3
[1.266s] -- Installing: /home/pi/Documents/RINS_Project/install/dis_tutorial3/share/dis_tutorial3/cmake/dis_tutorial3Config.cmake
[1.266s] -- Installing: /home/pi/Documents/RINS_Project/install/dis_tutorial3/share/dis_tutorial3/cmake/dis_tutorial3Config-version.cmake
[1.267s] -- Installing: /home/pi/Documents/RINS_Project/install/dis_tutorial3/share/dis_tutorial3/package.xml
[1.268s] Invoked command in '/home/pi/Documents/RINS_Project/build/dis_tutorial3' returned '0': CMAKE_PREFIX_PATH=/opt/ros/humble /usr/bin/cmake --install /home/pi/Documents/RINS_Project/build/dis_tutorial3
