[0.909s] DEBUG:colcon:Command line arguments: ['/usr/bin/colcon', 'build']
[0.909s] DEBUG:colcon:Parsed command line arguments: Namespace(log_base=None, log_level=None, verb_name='build', build_base='build', install_base='install', merge_install=False, symlink_install=False, test_result_base=None, continue_on_error=False, executor='parallel', parallel_workers=16, event_handlers=None, ignore_user_meta=False, metas=['./colcon.meta'], base_paths=['.'], packages_ignore=None, packages_ignore_regex=None, paths=None, packages_up_to=None, packages_up_to_regex=None, packages_above=None, packages_above_and_dependencies=None, packages_above_depth=None, packages_select_by_dep=None, packages_skip_by_dep=None, packages_skip_up_to=None, packages_select_build_failed=False, packages_skip_build_finished=False, packages_select_test_failures=False, packages_skip_test_passed=False, packages_select=None, packages_skip=None, packages_select_regex=None, packages_skip_regex=None, packages_start=None, packages_end=None, allow_overriding=[], cmake_args=None, cmake_target=None, cmake_target_skip_unavailable=False, cmake_clean_cache=False, cmake_clean_first=False, cmake_force_configure=False, ament_cmake_args=None, catkin_cmake_args=None, catkin_skip_building_tests=False, verb_parser=<colcon_defaults.argument_parser.defaults.DefaultArgumentsDecorator object at 0x7aa4fc776d40>, verb_extension=<colcon_core.verb.build.BuildVerb object at 0x7aa4fc7bd2d0>, main=<bound method BuildVerb.main of <colcon_core.verb.build.BuildVerb object at 0x7aa4fc7bd2d0>>)
[0.964s] Level 1:colcon.colcon_core.package_discovery:discover_packages(colcon_meta) check parameters
[0.964s] Level 1:colcon.colcon_core.package_discovery:discover_packages(recursive) check parameters
[0.964s] Level 1:colcon.colcon_core.package_discovery:discover_packages(ignore) check parameters
[0.964s] Level 1:colcon.colcon_core.package_discovery:discover_packages(path) check parameters
[0.964s] Level 1:colcon.colcon_core.package_discovery:discover_packages(colcon_meta) discover
[0.965s] Level 1:colcon.colcon_core.package_discovery:discover_packages(recursive) discover
[0.965s] INFO:colcon.colcon_core.package_discovery:Crawling recursively for packages in '/home/pi/Documents/RINS_Project'
[0.965s] Level 1:colcon.colcon_core.package_identification:_identify(.) by extensions ['ignore', 'ignore_ament_install']
[0.965s] Level 1:colcon.colcon_core.package_identification:_identify(.) by extension 'ignore'
[0.965s] Level 1:colcon.colcon_core.package_identification:_identify(.) by extension 'ignore_ament_install'
[0.965s] Level 1:colcon.colcon_core.package_identification:_identify(.) by extensions ['colcon_pkg']
[0.965s] Level 1:colcon.colcon_core.package_identification:_identify(.) by extension 'colcon_pkg'
[0.965s] Level 1:colcon.colcon_core.package_identification:_identify(.) by extensions ['colcon_meta']
[0.965s] Level 1:colcon.colcon_core.package_identification:_identify(.) by extension 'colcon_meta'
[0.965s] Level 1:colcon.colcon_core.package_identification:_identify(.) by extensions ['ros']
[0.965s] Level 1:colcon.colcon_core.package_identification:_identify(.) by extension 'ros'
[0.974s] Level 1:colcon.colcon_core.package_identification:_identify(.) by extensions ['cmake', 'python']
[0.974s] Level 1:colcon.colcon_core.package_identification:_identify(.) by extension 'cmake'
[0.974s] Level 1:colcon.colcon_core.package_identification:_identify(.) by extension 'python'
[0.974s] Level 1:colcon.colcon_core.package_identification:_identify(.) by extensions ['python_setup_py']
[0.974s] Level 1:colcon.colcon_core.package_identification:_identify(.) by extension 'python_setup_py'
[0.974s] Level 1:colcon.colcon_core.package_identification:_identify(build) by extensions ['ignore', 'ignore_ament_install']
[0.974s] Level 1:colcon.colcon_core.package_identification:_identify(build) by extension 'ignore'
[0.974s] Level 1:colcon.colcon_core.package_identification:_identify(build) ignored
[0.975s] Level 1:colcon.colcon_core.package_identification:_identify(dis_tutorial3) by extensions ['ignore', 'ignore_ament_install']
[0.975s] Level 1:colcon.colcon_core.package_identification:_identify(dis_tutorial3) by extension 'ignore'
[0.975s] Level 1:colcon.colcon_core.package_identification:_identify(dis_tutorial3) by extension 'ignore_ament_install'
[0.975s] Level 1:colcon.colcon_core.package_identification:_identify(dis_tutorial3) by extensions ['colcon_pkg']
[0.975s] Level 1:colcon.colcon_core.package_identification:_identify(dis_tutorial3) by extension 'colcon_pkg'
[0.975s] Level 1:colcon.colcon_core.package_identification:_identify(dis_tutorial3) by extensions ['colcon_meta']
[0.975s] Level 1:colcon.colcon_core.package_identification:_identify(dis_tutorial3) by extension 'colcon_meta'
[0.975s] Level 1:colcon.colcon_core.package_identification:_identify(dis_tutorial3) by extensions ['ros']
[0.975s] Level 1:colcon.colcon_core.package_identification:_identify(dis_tutorial3) by extension 'ros'
[0.977s] DEBUG:colcon.colcon_core.package_identification:Package 'dis_tutorial3' with type 'ros.ament_cmake' and name 'dis_tutorial3'
[0.977s] Level 1:colcon.colcon_core.package_identification:_identify(install) by extensions ['ignore', 'ignore_ament_install']
[0.977s] Level 1:colcon.colcon_core.package_identification:_identify(install) by extension 'ignore'
[0.977s] Level 1:colcon.colcon_core.package_identification:_identify(install) ignored
[0.977s] Level 1:colcon.colcon_core.package_identification:_identify(log) by extensions ['ignore', 'ignore_ament_install']
[0.977s] Level 1:colcon.colcon_core.package_identification:_identify(log) by extension 'ignore'
[0.977s] Level 1:colcon.colcon_core.package_identification:_identify(log) ignored
[0.977s] Level 1:colcon.colcon_core.package_discovery:discover_packages(recursive) using defaults
[0.977s] Level 1:colcon.colcon_core.package_discovery:discover_packages(ignore) discover
[0.977s] Level 1:colcon.colcon_core.package_discovery:discover_packages(ignore) using defaults
[0.977s] Level 1:colcon.colcon_core.package_discovery:discover_packages(path) discover
[0.977s] Level 1:colcon.colcon_core.package_discovery:discover_packages(path) using defaults
[1.056s] Level 1:colcon.colcon_core.package_discovery:discover_packages(prefix_path) check parameters
[1.056s] Level 1:colcon.colcon_core.package_discovery:discover_packages(prefix_path) discover
[1.080s] DEBUG:colcon.colcon_installed_package_information.package_discovery:Found 0 installed packages in /home/pi/colcon_ws/install
[1.092s] DEBUG:colcon.colcon_installed_package_information.package_discovery:Found 410 installed packages in /opt/ros/humble
[1.093s] Level 1:colcon.colcon_core.package_discovery:discover_packages(prefix_path) using defaults
[1.180s] Level 5:colcon.colcon_core.verb:set package 'dis_tutorial3' build argument 'cmake_args' from command line to 'None'
[1.180s] Level 5:colcon.colcon_core.verb:set package 'dis_tutorial3' build argument 'cmake_target' from command line to 'None'
[1.180s] Level 5:colcon.colcon_core.verb:set package 'dis_tutorial3' build argument 'cmake_target_skip_unavailable' from command line to 'False'
[1.180s] Level 5:colcon.colcon_core.verb:set package 'dis_tutorial3' build argument 'cmake_clean_cache' from command line to 'False'
[1.180s] Level 5:colcon.colcon_core.verb:set package 'dis_tutorial3' build argument 'cmake_clean_first' from command line to 'False'
[1.180s] Level 5:colcon.colcon_core.verb:set package 'dis_tutorial3' build argument 'cmake_force_configure' from command line to 'False'
[1.180s] Level 5:colcon.colcon_core.verb:set package 'dis_tutorial3' build argument 'ament_cmake_args' from command line to 'None'
[1.180s] Level 5:colcon.colcon_core.verb:set package 'dis_tutorial3' build argument 'catkin_cmake_args' from command line to 'None'
[1.180s] Level 5:colcon.colcon_core.verb:set package 'dis_tutorial3' build argument 'catkin_skip_building_tests' from command line to 'False'
[1.180s] DEBUG:colcon.colcon_core.verb:Building package 'dis_tutorial3' with the following arguments: {'ament_cmake_args': None, 'build_base': '/home/pi/Documents/RINS_Project/build/dis_tutorial3', 'catkin_cmake_args': None, 'catkin_skip_building_tests': False, 'cmake_args': None, 'cmake_clean_cache': False, 'cmake_clean_first': False, 'cmake_force_configure': False, 'cmake_target': None, 'cmake_target_skip_unavailable': False, 'install_base': '/home/pi/Documents/RINS_Project/install/dis_tutorial3', 'merge_install': False, 'path': '/home/pi/Documents/RINS_Project/dis_tutorial3', 'symlink_install': False, 'test_result_base': None}
[1.191s] INFO:colcon.colcon_core.executor:Executing jobs using 'parallel' executor
[1.203s] DEBUG:colcon.colcon_parallel_executor.executor.parallel:run_until_complete
[1.204s] INFO:colcon.colcon_ros.task.ament_cmake.build:Building ROS package in '/home/pi/Documents/RINS_Project/dis_tutorial3' with build type 'ament_cmake'
[1.204s] INFO:colcon.colcon_cmake.task.cmake.build:Building CMake package in '/home/pi/Documents/RINS_Project/dis_tutorial3'
[1.218s] INFO:colcon.colcon_core.plugin_system:Skipping extension 'colcon_core.shell.bat': Not used on non-Windows systems
[1.218s] INFO:colcon.colcon_core.shell:Skip shell extension 'powershell' for command environment: Not usable outside of PowerShell
[1.218s] DEBUG:colcon.colcon_core.shell:Skip shell extension 'dsv' for command environment
[1.257s] DEBUG:colcon.colcon_core.event_handler.log_command:Invoking command in '/home/pi/Documents/RINS_Project/build/dis_tutorial3': CMAKE_PREFIX_PATH=/opt/ros/humble /usr/bin/cmake /home/pi/Documents/RINS_Project/dis_tutorial3 -DCMAKE_INSTALL_PREFIX=/home/pi/Documents/RINS_Project/install/dis_tutorial3
[2.394s] DEBUG:colcon.colcon_core.event_handler.log_command:Invoked command in '/home/pi/Documents/RINS_Project/build/dis_tutorial3' returned '0': CMAKE_PREFIX_PATH=/opt/ros/humble /usr/bin/cmake /home/pi/Documents/RINS_Project/dis_tutorial3 -DCMAKE_INSTALL_PREFIX=/home/pi/Documents/RINS_Project/install/dis_tutorial3
[2.396s] DEBUG:colcon.colcon_core.event_handler.log_command:Invoking command in '/home/pi/Documents/RINS_Project/build/dis_tutorial3': CMAKE_PREFIX_PATH=/opt/ros/humble /usr/bin/cmake --build /home/pi/Documents/RINS_Project/build/dis_tutorial3 -- -j16 -l16
[2.429s] DEBUG:colcon.colcon_core.event_handler.log_command:Invoked command in '/home/pi/Documents/RINS_Project/build/dis_tutorial3' returned '0': CMAKE_PREFIX_PATH=/opt/ros/humble /usr/bin/cmake --build /home/pi/Documents/RINS_Project/build/dis_tutorial3 -- -j16 -l16
[2.456s] DEBUG:colcon.colcon_core.event_handler.log_command:Invoking command in '/home/pi/Documents/RINS_Project/build/dis_tutorial3': CMAKE_PREFIX_PATH=/opt/ros/humble /usr/bin/cmake --install /home/pi/Documents/RINS_Project/build/dis_tutorial3
[2.472s] Level 1:colcon.colcon_core.environment:create_environment_scripts_only(dis_tutorial3)
[2.472s] DEBUG:colcon.colcon_core.event_handler.log_command:Invoked command in '/home/pi/Documents/RINS_Project/build/dis_tutorial3' returned '0': CMAKE_PREFIX_PATH=/opt/ros/humble /usr/bin/cmake --install /home/pi/Documents/RINS_Project/build/dis_tutorial3
[2.488s] Level 1:colcon.colcon_core.environment:checking '/home/pi/Documents/RINS_Project/install/dis_tutorial3' for CMake module files
[2.488s] Level 1:colcon.colcon_core.environment:checking '/home/pi/Documents/RINS_Project/install/dis_tutorial3' for CMake config files
[2.488s] Level 1:colcon.colcon_core.shell:create_environment_hook('dis_tutorial3', 'cmake_prefix_path')
[2.500s] INFO:colcon.colcon_core.shell:Creating environment hook '/home/pi/Documents/RINS_Project/install/dis_tutorial3/share/dis_tutorial3/hook/cmake_prefix_path.ps1'
[2.500s] INFO:colcon.colcon_core.shell:Creating environment descriptor '/home/pi/Documents/RINS_Project/install/dis_tutorial3/share/dis_tutorial3/hook/cmake_prefix_path.dsv'
[2.501s] INFO:colcon.colcon_core.shell:Creating environment hook '/home/pi/Documents/RINS_Project/install/dis_tutorial3/share/dis_tutorial3/hook/cmake_prefix_path.sh'
[2.501s] Level 1:colcon.colcon_core.environment:checking '/home/pi/Documents/RINS_Project/install/dis_tutorial3/lib'
[2.502s] Level 1:colcon.colcon_core.environment:checking '/home/pi/Documents/RINS_Project/install/dis_tutorial3/bin'
[2.502s] Level 1:colcon.colcon_core.environment:checking '/home/pi/Documents/RINS_Project/install/dis_tutorial3/lib/pkgconfig/dis_tutorial3.pc'
[2.502s] Level 1:colcon.colcon_core.environment:checking '/home/pi/Documents/RINS_Project/install/dis_tutorial3/lib/python3.10/site-packages'
[2.502s] Level 1:colcon.colcon_core.environment:checking '/home/pi/Documents/RINS_Project/install/dis_tutorial3/bin'
[2.514s] INFO:colcon.colcon_core.shell:Creating package script '/home/pi/Documents/RINS_Project/install/dis_tutorial3/share/dis_tutorial3/package.ps1'
[2.514s] INFO:colcon.colcon_core.shell:Creating package descriptor '/home/pi/Documents/RINS_Project/install/dis_tutorial3/share/dis_tutorial3/package.dsv'
[2.515s] INFO:colcon.colcon_core.shell:Creating package script '/home/pi/Documents/RINS_Project/install/dis_tutorial3/share/dis_tutorial3/package.sh'
[2.516s] INFO:colcon.colcon_core.shell:Creating package script '/home/pi/Documents/RINS_Project/install/dis_tutorial3/share/dis_tutorial3/package.bash'
[2.516s] INFO:colcon.colcon_core.shell:Creating package script '/home/pi/Documents/RINS_Project/install/dis_tutorial3/share/dis_tutorial3/package.zsh'
[2.517s] Level 1:colcon.colcon_core.environment:create_file_with_runtime_dependencies(/home/pi/Documents/RINS_Project/install/dis_tutorial3/share/colcon-core/packages/dis_tutorial3)
[2.549s] Level 1:colcon.colcon_core.environment:create_environment_scripts_only(dis_tutorial3)
[2.561s] Level 1:colcon.colcon_core.environment:checking '/home/pi/Documents/RINS_Project/install/dis_tutorial3' for CMake module files
[2.561s] Level 1:colcon.colcon_core.environment:checking '/home/pi/Documents/RINS_Project/install/dis_tutorial3' for CMake config files
[2.561s] Level 1:colcon.colcon_core.shell:create_environment_hook('dis_tutorial3', 'cmake_prefix_path')
[2.573s] INFO:colcon.colcon_core.shell:Creating environment hook '/home/pi/Documents/RINS_Project/install/dis_tutorial3/share/dis_tutorial3/hook/cmake_prefix_path.ps1'
[2.573s] INFO:colcon.colcon_core.shell:Creating environment descriptor '/home/pi/Documents/RINS_Project/install/dis_tutorial3/share/dis_tutorial3/hook/cmake_prefix_path.dsv'
[2.573s] INFO:colcon.colcon_core.shell:Creating environment hook '/home/pi/Documents/RINS_Project/install/dis_tutorial3/share/dis_tutorial3/hook/cmake_prefix_path.sh'
[2.574s] Level 1:colcon.colcon_core.environment:checking '/home/pi/Documents/RINS_Project/install/dis_tutorial3/lib'
[2.574s] Level 1:colcon.colcon_core.environment:checking '/home/pi/Documents/RINS_Project/install/dis_tutorial3/bin'
[2.574s] Level 1:colcon.colcon_core.environment:checking '/home/pi/Documents/RINS_Project/install/dis_tutorial3/lib/pkgconfig/dis_tutorial3.pc'
[2.574s] Level 1:colcon.colcon_core.environment:checking '/home/pi/Documents/RINS_Project/install/dis_tutorial3/lib/python3.10/site-packages'
[2.574s] Level 1:colcon.colcon_core.environment:checking '/home/pi/Documents/RINS_Project/install/dis_tutorial3/bin'
[2.586s] INFO:colcon.colcon_core.shell:Creating package script '/home/pi/Documents/RINS_Project/install/dis_tutorial3/share/dis_tutorial3/package.ps1'
[2.586s] INFO:colcon.colcon_core.shell:Creating package descriptor '/home/pi/Documents/RINS_Project/install/dis_tutorial3/share/dis_tutorial3/package.dsv'
[2.586s] INFO:colcon.colcon_core.shell:Creating package script '/home/pi/Documents/RINS_Project/install/dis_tutorial3/share/dis_tutorial3/package.sh'
[2.586s] INFO:colcon.colcon_core.shell:Creating package script '/home/pi/Documents/RINS_Project/install/dis_tutorial3/share/dis_tutorial3/package.bash'
[2.587s] INFO:colcon.colcon_core.shell:Creating package script '/home/pi/Documents/RINS_Project/install/dis_tutorial3/share/dis_tutorial3/package.zsh'
[2.587s] Level 1:colcon.colcon_core.environment:create_file_with_runtime_dependencies(/home/pi/Documents/RINS_Project/install/dis_tutorial3/share/colcon-core/packages/dis_tutorial3)
[2.587s] DEBUG:colcon.colcon_parallel_executor.executor.parallel:closing loop
[2.588s] DEBUG:colcon.colcon_parallel_executor.executor.parallel:loop closed
[2.588s] DEBUG:colcon.colcon_parallel_executor.executor.parallel:run_until_complete finished with '0'
[2.588s] DEBUG:colcon.colcon_core.event_reactor:joining thread
[2.603s] INFO:colcon.colcon_core.plugin_system:Skipping extension 'colcon_notification.desktop_notification.notify_send': Could not find 'notify-send'
[2.603s] INFO:colcon.colcon_core.plugin_system:Skipping extension 'colcon_notification.desktop_notification.terminal_notifier': Not used on non-Darwin systems
[2.603s] INFO:colcon.colcon_core.plugin_system:Skipping extension 'colcon_notification.desktop_notification.win32': Not used on non-Windows systems
[2.603s] INFO:colcon.colcon_notification.desktop_notification:Sending desktop notification using 'notify2'
[2.620s] DEBUG:colcon.colcon_core.event_reactor:joined thread
[2.633s] INFO:colcon.colcon_core.shell:Creating prefix script '/home/pi/Documents/RINS_Project/install/local_setup.ps1'
[2.634s] INFO:colcon.colcon_core.shell:Creating prefix util module '/home/pi/Documents/RINS_Project/install/_local_setup_util_ps1.py'
[2.635s] INFO:colcon.colcon_core.shell:Creating prefix chain script '/home/pi/Documents/RINS_Project/install/setup.ps1'
[2.648s] INFO:colcon.colcon_core.shell:Creating prefix script '/home/pi/Documents/RINS_Project/install/local_setup.sh'
[2.649s] INFO:colcon.colcon_core.shell:Creating prefix util module '/home/pi/Documents/RINS_Project/install/_local_setup_util_sh.py'
[2.649s] INFO:colcon.colcon_core.shell:Creating prefix chain script '/home/pi/Documents/RINS_Project/install/setup.sh'
[2.661s] INFO:colcon.colcon_core.shell:Creating prefix script '/home/pi/Documents/RINS_Project/install/local_setup.bash'
[2.662s] INFO:colcon.colcon_core.shell:Creating prefix chain script '/home/pi/Documents/RINS_Project/install/setup.bash'
[2.673s] INFO:colcon.colcon_core.shell:Creating prefix script '/home/pi/Documents/RINS_Project/install/local_setup.zsh'
[2.674s] INFO:colcon.colcon_core.shell:Creating prefix chain script '/home/pi/Documents/RINS_Project/install/setup.zsh'
